2025-03-07T12:04:26.015+08:00  INFO 23380 --- [community] [restartedMain] c.n.community.CommunityApplication       : Starting CommunityApplication using Java 17.0.10 with PID 23380 (D:\learning\projectforwork\nowcoder\workspace\community\target\classes started by 86187 in D:\learning\projectforwork\nowcoder\workspace\community)
2025-03-07T12:04:26.015+08:00 DEBUG 23380 --- [community] [restartedMain] c.n.community.CommunityApplication       : Running with Spring Boot v3.4.3, Spring v6.2.3
2025-03-07T12:04:26.015+08:00  INFO 23380 --- [community] [restartedMain] c.n.community.CommunityApplication       : No active profile set, falling back to 1 default profile: "default"
2025-03-07T12:04:26.175+08:00  INFO 23380 --- [community] [restartedMain] o.s.b.w.embedded.tomcat.TomcatWebServer  : Tomcat initialized with port 8080 (http)
2025-03-07T12:04:26.176+08:00  INFO 23380 --- [community] [restartedMain] o.apache.catalina.core.StandardService   : Starting service [Tomcat]
2025-03-07T12:04:26.176+08:00  INFO 23380 --- [community] [restartedMain] o.apache.catalina.core.StandardEngine    : Starting Servlet engine: [Apache Tomcat/10.1.36]
2025-03-07T12:04:26.195+08:00  INFO 23380 --- [community] [restartedMain] o.a.c.c.C.[.[localhost].[/community]     : Initializing Spring embedded WebApplicationContext
2025-03-07T12:04:26.195+08:00  INFO 23380 --- [community] [restartedMain] w.s.c.ServletWebServerApplicationContext : Root WebApplicationContext: initialization completed in 178 ms
2025-03-07T12:04:26.257+08:00  INFO 23380 --- [community] [restartedMain] o.s.b.a.w.s.WelcomePageHandlerMapping    : Adding welcome page template: index
2025-03-07T12:04:26.308+08:00  INFO 23380 --- [community] [restartedMain] o.s.b.d.a.OptionalLiveReloadServer       : LiveReload server is running on port 35729
2025-03-07T12:04:26.315+08:00  INFO 23380 --- [community] [restartedMain] o.s.b.w.embedded.tomcat.TomcatWebServer  : Tomcat started on port 8080 (http) with context path '/community'
2025-03-07T12:04:26.318+08:00  INFO 23380 --- [community] [restartedMain] c.n.community.CommunityApplication       : Started CommunityApplication in 0.354 seconds (process running for 1167.658)
2025-03-07T12:04:26.319+08:00  INFO 23380 --- [community] [restartedMain] .ConditionEvaluationDeltaLoggingListener : Condition evaluation unchanged
2025-03-07T12:04:26.668+08:00  INFO 21424 --- [community] [main] com.nowcoder.community.LoggerTests       : Starting LoggerTests using Java 17.0.10 with PID 21424 (started by 86187 in D:\learning\projectforwork\nowcoder\workspace\community)
2025-03-07T12:04:26.671+08:00 DEBUG 21424 --- [community] [main] com.nowcoder.community.LoggerTests       : Running with Spring Boot v3.4.3, Spring v6.2.3
2025-03-07T12:04:26.673+08:00  INFO 21424 --- [community] [main] com.nowcoder.community.LoggerTests       : No active profile set, falling back to 1 default profile: "default"
2025-03-07T12:04:28.830+08:00  INFO 21424 --- [community] [main] o.s.b.a.w.s.WelcomePageHandlerMapping    : Adding welcome page template: index
2025-03-07T12:04:29.679+08:00  INFO 21424 --- [community] [main] com.nowcoder.community.LoggerTests       : Started LoggerTests in 3.466 seconds (process running for 4.229)
2025-03-07T12:04:31.348+08:00 DEBUG 21424 --- [community] [main] com.nowcoder.community.LoggerTests       : debug log
2025-03-07T12:04:31.348+08:00  INFO 21424 --- [community] [main] com.nowcoder.community.LoggerTests       : info log
2025-03-07T12:04:31.348+08:00  WARN 21424 --- [community] [main] com.nowcoder.community.LoggerTests       : warn log
2025-03-07T12:04:31.348+08:00 ERROR 21424 --- [community] [main] com.nowcoder.community.LoggerTests       : error log
2025-03-07T12:05:55.959+08:00  INFO 23380 --- [community] [File Watcher] rtingClassPathChangeChangedEventListener : Restarting due to 1 class path change (0 additions, 0 deletions, 1 modification)
2025-03-07T12:05:55.960+08:00  INFO 23380 --- [community] [Thread-11] o.s.b.w.e.tomcat.GracefulShutdown        : Commencing graceful shutdown. Waiting for active requests to complete
2025-03-07T12:05:56.359+08:00  INFO 23380 --- [community] [tomcat-shutdown] o.s.b.w.e.tomcat.GracefulShutdown        : Graceful shutdown complete
2025-03-07T12:05:56.425+08:00  INFO 23380 --- [community] [restartedMain] c.n.community.CommunityApplication       : Starting CommunityApplication using Java 17.0.10 with PID 23380 (D:\learning\projectforwork\nowcoder\workspace\community\target\classes started by 86187 in D:\learning\projectforwork\nowcoder\workspace\community)
2025-03-07T12:05:56.425+08:00  INFO 23380 --- [community] [restartedMain] c.n.community.CommunityApplication       : No active profile set, falling back to 1 default profile: "default"
2025-03-07T12:05:56.567+08:00  INFO 23380 --- [community] [restartedMain] o.s.b.w.embedded.tomcat.TomcatWebServer  : Tomcat initialized with port 8080 (http)
2025-03-07T12:05:56.568+08:00  INFO 23380 --- [community] [restartedMain] o.apache.catalina.core.StandardService   : Starting service [Tomcat]
2025-03-07T12:05:56.568+08:00  INFO 23380 --- [community] [restartedMain] o.apache.catalina.core.StandardEngine    : Starting Servlet engine: [Apache Tomcat/10.1.36]
2025-03-07T12:05:56.590+08:00  INFO 23380 --- [community] [restartedMain] o.a.c.c.C.[.[localhost].[/community]     : Initializing Spring embedded WebApplicationContext
2025-03-07T12:05:56.590+08:00  INFO 23380 --- [community] [restartedMain] w.s.c.ServletWebServerApplicationContext : Root WebApplicationContext: initialization completed in 164 ms
2025-03-07T12:05:56.640+08:00  INFO 23380 --- [community] [restartedMain] o.s.b.a.w.s.WelcomePageHandlerMapping    : Adding welcome page template: index
2025-03-07T12:05:56.686+08:00  INFO 23380 --- [community] [restartedMain] o.s.b.d.a.OptionalLiveReloadServer       : LiveReload server is running on port 35729
2025-03-07T12:05:56.696+08:00  INFO 23380 --- [community] [restartedMain] o.s.b.w.embedded.tomcat.TomcatWebServer  : Tomcat started on port 8080 (http) with context path '/community'
2025-03-07T12:05:56.701+08:00  INFO 23380 --- [community] [restartedMain] c.n.community.CommunityApplication       : Started CommunityApplication in 0.308 seconds (process running for 1258.041)
2025-03-07T12:05:56.703+08:00  INFO 23380 --- [community] [restartedMain] .ConditionEvaluationDeltaLoggingListener : Condition evaluation unchanged
2025-03-07T12:05:56.835+08:00  INFO 23624 --- [community] [main] com.nowcoder.community.LoggerTests       : Starting LoggerTests using Java 17.0.10 with PID 23624 (started by 86187 in D:\learning\projectforwork\nowcoder\workspace\community)
2025-03-07T12:05:56.838+08:00  INFO 23624 --- [community] [main] com.nowcoder.community.LoggerTests       : No active profile set, falling back to 1 default profile: "default"
2025-03-07T12:05:58.806+08:00  INFO 23624 --- [community] [main] o.s.b.a.w.s.WelcomePageHandlerMapping    : Adding welcome page template: index
2025-03-07T12:05:59.616+08:00  INFO 23624 --- [community] [main] com.nowcoder.community.LoggerTests       : Started LoggerTests in 3.236 seconds (process running for 4.01)
2025-03-07T12:06:01.101+08:00  INFO 23624 --- [community] [main] com.nowcoder.community.LoggerTests       : info log
2025-03-07T12:06:01.102+08:00  WARN 23624 --- [community] [main] com.nowcoder.community.LoggerTests       : warn log
2025-03-07T12:06:01.102+08:00 ERROR 23624 --- [community] [main] com.nowcoder.community.LoggerTests       : error log
2025-03-07T12:07:26.305+08:00  INFO 23380 --- [community] [SpringApplicationShutdownHook] o.s.b.w.e.tomcat.GracefulShutdown        : Commencing graceful shutdown. Waiting for active requests to complete
2025-03-07T12:07:26.793+08:00  INFO 23380 --- [community] [tomcat-shutdown] o.s.b.w.e.tomcat.GracefulShutdown        : Graceful shutdown complete
